# JRE version: OpenJDK Runtime Environment Temurin-17.0.9+9 (17.0.9+9) (build 17.0.9+9)
# Java VM: OpenJDK 64-Bit Server VM Temurin-17.0.9+9 (17.0.9+9, mixed mode, tiered, compressed oops, compressed class ptrs, parallel gc, windows-amd64)
GC Precious Log:
 CPUs: 4 total, 4 available
 Memory: 12163M
 Large Page Support: Disabled
 NUMA Support: Disabled
 Compressed Oops: Enabled (32-bit)
 Alignments: Space 512K, Generation 512K, Heap 2M
 Heap Min Capacity: 100M
 Heap Initial Capacity: 100M
 Heap Max Capacity: 1G
 Pre-touch: Disabled
 Parallel Workers: 4
Heap:
 PSYoungGen      total 16384K, used 8044K [0x00000000eab00000, 0x00000000ebf80000, 0x0000000100000000)
  eden space 11776K, 30% used [0x00000000eab00000,0x00000000eae88260,0x00000000eb680000)
  from space 4608K, 96% used [0x00000000eb700000,0x00000000ebb52f68,0x00000000ebb80000)
  to   space 4096K, 0% used [0x00000000ebb80000,0x00000000ebb80000,0x00000000ebf80000)
 ParOldGen       total 136192K, used 122430K [0x00000000c0000000, 0x00000000c8500000, 0x00000000eab00000)
  object space 136192K, 89% used [0x00000000c0000000,0x00000000c778f850,0x00000000c8500000)
 Metaspace       used 74138K, committed 75328K, reserved 1179648K
  class space    used 7672K, committed 8192K, reserved 1048576K
GC Heap History (20 events):
Event: 63.100 GC heap before
{Heap before GC invocations=75 (full 6):
 PSYoungGen      total 13312K, used 11616K [0x00000000eab00000, 0x00000000ebb80000, 0x0000000100000000)
  eden space 10240K, 100% used [0x00000000eab00000,0x00000000eb500000,0x00000000eb500000)
  from space 3072K, 44% used [0x00000000eb580000,0x00000000eb6d8000,0x00000000eb880000)
  to   space 2048K, 0% used [0x00000000eb980000,0x00000000eb980000,0x00000000ebb80000)
 ParOldGen       total 136192K, used 114617K [0x00000000c0000000, 0x00000000c8500000, 0x00000000eab00000)
  object space 136192K, 84% used [0x00000000c0000000,0x00000000c6fee548,0x00000000c8500000)
 Metaspace       used 72966K, committed 74048K, reserved 1179648K
  class space    used 7547K, committed 8000K, reserved 1048576K
}
Event: 63.102 GC heap after
{Heap after GC invocations=75 (full 6):
 PSYoungGen      total 12800K, used 1481K [0x00000000eab00000, 0x00000000ebb00000, 0x0000000100000000)
  eden space 11264K, 0% used [0x00000000eab00000,0x00000000eab00000,0x00000000eb600000)
  from space 1536K, 96% used [0x00000000eb980000,0x00000000ebaf26a8,0x00000000ebb00000)
  to   space 2048K, 0% used [0x00000000eb700000,0x00000000eb700000,0x00000000eb900000)
 ParOldGen       total 136192K, used 114625K [0x00000000c0000000, 0x00000000c8500000, 0x00000000eab00000)
  object space 136192K, 84% used [0x00000000c0000000,0x00000000c6ff0548,0x00000000c8500000)
 Metaspace       used 72966K, committed 74048K, reserved 1179648K
  class space    used 7547K, committed 8000K, reserved 1048576K
}
Event: 70.200 GC heap before
{Heap before GC invocations=76 (full 6):
 PSYoungGen      total 12800K, used 12655K [0x00000000eab00000, 0x00000000ebb00000, 0x0000000100000000)
  eden space 11264K, 99% used [0x00000000eab00000,0x00000000eb5e9888,0x00000000eb600000)
  from space 1536K, 96% used [0x00000000eb980000,0x00000000ebaf26a8,0x00000000ebb00000)
  to   space 2048K, 0% used [0x00000000eb700000,0x00000000eb700000,0x00000000eb900000)
 ParOldGen       total 136192K, used 114625K [0x00000000c0000000, 0x00000000c8500000, 0x00000000eab00000)
  object space 136192K, 84% used [0x00000000c0000000,0x00000000c6ff0548,0x00000000c8500000)
 Metaspace       used 72991K, committed 74112K, reserved 1179648K
  class space    used 7547K, committed 8000K, reserved 1048576K
}
Event: 70.206 GC heap after
{Heap after GC invocations=76 (full 6):
 PSYoungGen      total 14336K, used 2023K [0x00000000eab00000, 0x00000000ec100000, 0x0000000100000000)
  eden space 12288K, 0% used [0x00000000eab00000,0x00000000eab00000,0x00000000eb700000)
  from space 2048K, 98% used [0x00000000eb700000,0x00000000eb8f9eb0,0x00000000eb900000)
  to   space 5120K, 0% used [0x00000000ebc00000,0x00000000ebc00000,0x00000000ec100000)
 ParOldGen       total 136192K, used 117046K [0x00000000c0000000, 0x00000000c8500000, 0x00000000eab00000)
  object space 136192K, 85% used [0x00000000c0000000,0x00000000c724d8d0,0x00000000c8500000)
 Metaspace       used 72991K, committed 74112K, reserved 1179648K
  class space    used 7547K, committed 8000K, reserved 1048576K
}
Event: 70.500 GC heap before
{Heap before GC invocations=77 (full 6):
 PSYoungGen      total 14336K, used 14311K [0x00000000eab00000, 0x00000000ec100000, 0x0000000100000000)
  eden space 12288K, 100% used [0x00000000eab00000,0x00000000eb700000,0x00000000eb700000)
  from space 2048K, 98% used [0x00000000eb700000,0x00000000eb8f9eb0,0x00000000eb900000)
  to   space 5120K, 0% used [0x00000000ebc00000,0x00000000ebc00000,0x00000000ec100000)
 ParOldGen       total 136192K, used 117046K [0x00000000c0000000, 0x00000000c8500000, 0x00000000eab00000)
  object space 136192K, 85% used [0x00000000c0000000,0x00000000c724d8d0,0x00000000c8500000)
 Metaspace       used 73024K, committed 74112K, reserved 1179648K
  class space    used 7548K, committed 8000K, reserved 1048576K
}
Event: 70.507 GC heap after
{Heap after GC invocations=77 (full 6):
 PSYoungGen      total 17920K, used 4247K [0x00000000eab00000, 0x00000000ec100000, 0x0000000100000000)
  eden space 12800K, 0% used [0x00000000eab00000,0x00000000eab00000,0x00000000eb780000)
  from space 5120K, 82% used [0x00000000ebc00000,0x00000000ec025f58,0x00000000ec100000)
  to   space 4608K, 0% used [0x00000000eb780000,0x00000000eb780000,0x00000000ebc00000)
 ParOldGen       total 136192K, used 118218K [0x00000000c0000000, 0x00000000c8500000, 0x00000000eab00000)
  object space 136192K, 86% used [0x00000000c0000000,0x00000000c7372a08,0x00000000c8500000)
 Metaspace       used 73024K, committed 74112K, reserved 1179648K
  class space    used 7548K, committed 8000K, reserved 1048576K
}
Event: 70.718 GC heap before
{Heap before GC invocations=78 (full 6):
 PSYoungGen      total 17920K, used 17047K [0x00000000eab00000, 0x00000000ec100000, 0x0000000100000000)
  eden space 12800K, 100% used [0x00000000eab00000,0x00000000eb780000,0x00000000eb780000)
  from space 5120K, 82% used [0x00000000ebc00000,0x00000000ec025f58,0x00000000ec100000)
  to   space 4608K, 0% used [0x00000000eb780000,0x00000000eb780000,0x00000000ebc00000)
 ParOldGen       total 136192K, used 118218K [0x00000000c0000000, 0x00000000c8500000, 0x00000000eab00000)
  object space 136192K, 86% used [0x00000000c0000000,0x00000000c7372a08,0x00000000c8500000)
 Metaspace       used 73043K, committed 74112K, reserved 1179648K
  class space    used 7548K, committed 8000K, reserved 1048576K
}
Event: 70.725 GC heap after
{Heap after GC invocations=78 (full 6):
 PSYoungGen      total 17408K, used 4094K [0x00000000eab00000, 0x00000000ec180000, 0x0000000100000000)
  eden space 12800K, 0% used [0x00000000eab00000,0x00000000eab00000,0x00000000eb780000)
  from space 4608K, 88% used [0x00000000eb780000,0x00000000ebb7fb30,0x00000000ebc00000)
  to   space 4608K, 0% used [0x00000000ebd00000,0x00000000ebd00000,0x00000000ec180000)
 ParOldGen       total 136192K, used 118218K [0x00000000c0000000, 0x00000000c8500000, 0x00000000eab00000)
  object space 136192K, 86% used [0x00000000c0000000,0x00000000c7372a08,0x00000000c8500000)
 Metaspace       used 73043K, committed 74112K, reserved 1179648K
  class space    used 7548K, committed 8000K, reserved 1048576K
}
Event: 70.917 GC heap before
{Heap before GC invocations=79 (full 6):
 PSYoungGen      total 17408K, used 16894K [0x00000000eab00000, 0x00000000ec180000, 0x0000000100000000)
  eden space 12800K, 100% used [0x00000000eab00000,0x00000000eb780000,0x00000000eb780000)
  from space 4608K, 88% used [0x00000000eb780000,0x00000000ebb7fb30,0x00000000ebc00000)
  to   space 4608K, 0% used [0x00000000ebd00000,0x00000000ebd00000,0x00000000ec180000)
 ParOldGen       total 136192K, used 118218K [0x00000000c0000000, 0x00000000c8500000, 0x00000000eab00000)
  object space 136192K, 86% used [0x00000000c0000000,0x00000000c7372a08,0x00000000c8500000)
 Metaspace       used 73110K, committed 74240K, reserved 1179648K
  class space    used 7551K, committed 8000K, reserved 1048576K
}
Event: 70.921 GC heap after
{Heap after GC invocations=79 (full 6):
 PSYoungGen      total 16384K, used 2814K [0x00000000eab00000, 0x00000000ec000000, 0x0000000100000000)
  eden space 13312K, 0% used [0x00000000eab00000,0x00000000eab00000,0x00000000eb800000)
  from space 3072K, 91% used [0x00000000ebd00000,0x00000000ebfbfb30,0x00000000ec000000)
  to   space 3584K, 0% used [0x00000000eb900000,0x00000000eb900000,0x00000000ebc80000)
 ParOldGen       total 136192K, used 118218K [0x00000000c0000000, 0x00000000c8500000, 0x00000000eab00000)
  object space 136192K, 86% used [0x00000000c0000000,0x00000000c7372a08,0x00000000c8500000)
 Metaspace       used 73110K, committed 74240K, reserved 1179648K
  class space    used 7551K, committed 8000K, reserved 1048576K
}
Event: 71.918 GC heap before
{Heap before GC invocations=80 (full 6):
 PSYoungGen      total 16384K, used 16126K [0x00000000eab00000, 0x00000000ec000000, 0x0000000100000000)
  eden space 13312K, 100% used [0x00000000eab00000,0x00000000eb800000,0x00000000eb800000)
  from space 3072K, 91% used [0x00000000ebd00000,0x00000000ebfbfb30,0x00000000ec000000)
  to   space 3584K, 0% used [0x00000000eb900000,0x00000000eb900000,0x00000000ebc80000)
 ParOldGen       total 136192K, used 118218K [0x00000000c0000000, 0x00000000c8500000, 0x00000000eab00000)
  object space 136192K, 86% used [0x00000000c0000000,0x00000000c7372a08,0x00000000c8500000)
 Metaspace       used 73164K, committed 74240K, reserved 1179648K
  class space    used 7551K, committed 8000K, reserved 1048576K
}
Event: 71.922 GC heap after
{Heap after GC invocations=80 (full 6):
 PSYoungGen      total 16896K, used 3566K [0x00000000eab00000, 0x00000000ec100000, 0x0000000100000000)
  eden space 13312K, 0% used [0x00000000eab00000,0x00000000eab00000,0x00000000eb800000)
  from space 3584K, 99% used [0x00000000eb900000,0x00000000ebc7bb40,0x00000000ebc80000)
  to   space 4608K, 0% used [0x00000000ebc80000,0x00000000ebc80000,0x00000000ec100000)
 ParOldGen       total 136192K, used 118594K [0x00000000c0000000, 0x00000000c8500000, 0x00000000eab00000)
  object space 136192K, 87% used [0x00000000c0000000,0x00000000c73d0a08,0x00000000c8500000)
 Metaspace       used 73164K, committed 74240K, reserved 1179648K
  class space    used 7551K, committed 8000K, reserved 1048576K
}
Event: 72.208 GC heap before
{Heap before GC invocations=81 (full 6):
 PSYoungGen      total 16896K, used 16878K [0x00000000eab00000, 0x00000000ec100000, 0x0000000100000000)
  eden space 13312K, 100% used [0x00000000eab00000,0x00000000eb800000,0x00000000eb800000)
  from space 3584K, 99% used [0x00000000eb900000,0x00000000ebc7bb40,0x00000000ebc80000)
  to   space 4608K, 0% used [0x00000000ebc80000,0x00000000ebc80000,0x00000000ec100000)
 ParOldGen       total 136192K, used 118594K [0x00000000c0000000, 0x00000000c8500000, 0x00000000eab00000)
  object space 136192K, 87% used [0x00000000c0000000,0x00000000c73d0a08,0x00000000c8500000)
 Metaspace       used 73224K, committed 74368K, reserved 1179648K
  class space    used 7551K, committed 8000K, reserved 1048576K
}
Event: 72.217 GC heap after
{Heap after GC invocations=81 (full 6):
 PSYoungGen      total 15360K, used 4598K [0x00000000eab00000, 0x00000000ec600000, 0x0000000100000000)
  eden space 10752K, 0% used [0x00000000eab00000,0x00000000eab00000,0x00000000eb580000)
  from space 4608K, 99% used [0x00000000ebc80000,0x00000000ec0fd890,0x00000000ec100000)
  to   space 7168K, 0% used [0x00000000eb580000,0x00000000eb580000,0x00000000ebc80000)
 ParOldGen       total 136192K, used 120629K [0x00000000c0000000, 0x00000000c8500000, 0x00000000eab00000)
  object space 136192K, 88% used [0x00000000c0000000,0x00000000c75cd728,0x00000000c8500000)
 Metaspace       used 73224K, committed 74368K, reserved 1179648K
  class space    used 7551K, committed 8000K, reserved 1048576K
}
Event: 72.300 GC heap before
{Heap before GC invocations=82 (full 6):
 PSYoungGen      total 15360K, used 15350K [0x00000000eab00000, 0x00000000ec600000, 0x0000000100000000)
  eden space 10752K, 100% used [0x00000000eab00000,0x00000000eb580000,0x00000000eb580000)
  from space 4608K, 99% used [0x00000000ebc80000,0x00000000ec0fd890,0x00000000ec100000)
  to   space 7168K, 0% used [0x00000000eb580000,0x00000000eb580000,0x00000000ebc80000)
 ParOldGen       total 136192K, used 120629K [0x00000000c0000000, 0x00000000c8500000, 0x00000000eab00000)
  object space 136192K, 88% used [0x00000000c0000000,0x00000000c75cd728,0x00000000c8500000)
 Metaspace       used 73227K, committed 74368K, reserved 1179648K
  class space    used 7551K, committed 8000K, reserved 1048576K
}
Event: 72.313 GC heap after
{Heap after GC invocations=82 (full 6):
 PSYoungGen      total 15872K, used 5023K [0x00000000eab00000, 0x00000000ec180000, 0x0000000100000000)
  eden space 10752K, 0% used [0x00000000eab00000,0x00000000eab00000,0x00000000eb580000)
  from space 5120K, 98% used [0x00000000eb580000,0x00000000eba67d08,0x00000000eba80000)
  to   space 5632K, 0% used [0x00000000ebc00000,0x00000000ebc00000,0x00000000ec180000)
 ParOldGen       total 136192K, used 122414K [0x00000000c0000000, 0x00000000c8500000, 0x00000000eab00000)
  object space 136192K, 89% used [0x00000000c0000000,0x00000000c778b850,0x00000000c8500000)
 Metaspace       used 73227K, committed 74368K, reserved 1179648K
  class space    used 7551K, committed 8000K, reserved 1048576K
}
Event: 73.762 GC heap before
{Heap before GC invocations=83 (full 6):
 PSYoungGen      total 15872K, used 15775K [0x00000000eab00000, 0x00000000ec180000, 0x0000000100000000)
  eden space 10752K, 99% used [0x00000000eab00000,0x00000000eb57fff0,0x00000000eb580000)
  from space 5120K, 98% used [0x00000000eb580000,0x00000000eba67d08,0x00000000eba80000)
  to   space 5632K, 0% used [0x00000000ebc00000,0x00000000ebc00000,0x00000000ec180000)
 ParOldGen       total 136192K, used 122414K [0x00000000c0000000, 0x00000000c8500000, 0x00000000eab00000)
  object space 136192K, 89% used [0x00000000c0000000,0x00000000c778b850,0x00000000c8500000)
 Metaspace       used 73266K, committed 74432K, reserved 1179648K
  class space    used 7551K, committed 8000K, reserved 1048576K
}
Event: 73.771 GC heap after
{Heap after GC invocations=83 (full 6):
 PSYoungGen      total 16896K, used 4676K [0x00000000eab00000, 0x00000000ec100000, 0x0000000100000000)
  eden space 11776K, 0% used [0x00000000eab00000,0x00000000eab00000,0x00000000eb680000)
  from space 5120K, 91% used [0x00000000ebc00000,0x00000000ec0910b8,0x00000000ec100000)
  to   space 5120K, 0% used [0x00000000eb700000,0x00000000eb700000,0x00000000ebc00000)
 ParOldGen       total 136192K, used 122422K [0x00000000c0000000, 0x00000000c8500000, 0x00000000eab00000)
  object space 136192K, 89% used [0x00000000c0000000,0x00000000c778d850,0x00000000c8500000)
 Metaspace       used 73266K, committed 74432K, reserved 1179648K
  class space    used 7551K, committed 8000K, reserved 1048576K
}
Event: 776.869 GC heap before
{Heap before GC invocations=84 (full 6):
 PSYoungGen      total 16896K, used 16389K [0x00000000eab00000, 0x00000000ec100000, 0x0000000100000000)
  eden space 11776K, 99% used [0x00000000eab00000,0x00000000eb670700,0x00000000eb680000)
  from space 5120K, 91% used [0x00000000ebc00000,0x00000000ec0910b8,0x00000000ec100000)
  to   space 5120K, 0% used [0x00000000eb700000,0x00000000eb700000,0x00000000ebc00000)
 ParOldGen       total 136192K, used 122422K [0x00000000c0000000, 0x00000000c8500000, 0x00000000eab00000)
  object space 136192K, 89% used [0x00000000c0000000,0x00000000c778d850,0x00000000c8500000)
 Metaspace       used 73773K, committed 75008K, reserved 1179648K
  class space    used 7624K, committed 8128K, reserved 1048576K
}
Event: 776.875 GC heap after
{Heap after GC invocations=84 (full 6):
 PSYoungGen      total 16384K, used 4427K [0x00000000eab00000, 0x00000000ebf80000, 0x0000000100000000)
  eden space 11776K, 0% used [0x00000000eab00000,0x00000000eab00000,0x00000000eb680000)
  from space 4608K, 96% used [0x00000000eb700000,0x00000000ebb52f68,0x00000000ebb80000)
  to   space 4096K, 0% used [0x00000000ebb80000,0x00000000ebb80000,0x00000000ebf80000)
 ParOldGen       total 136192K, used 122430K [0x00000000c0000000, 0x00000000c8500000, 0x00000000eab00000)
  object space 136192K, 89% used [0x00000000c0000000,0x00000000c778f850,0x00000000c8500000)
 Metaspace       used 73773K, committed 75008K, reserved 1179648K
  class space    used 7624K, committed 8128K, reserved 1048576K
}

