# JRE version: OpenJDK Runtime Environment Temurin-17.0.9+9 (17.0.9+9) (build 17.0.9+9)
# Java VM: OpenJDK 64-Bit Server VM Temurin-17.0.9+9 (17.0.9+9, mixed mode, tiered, compressed oops, compressed class ptrs, parallel gc, windows-amd64)
GC Precious Log:
 CPUs: 4 total, 4 available
 Memory: 12163M
 Large Page Support: Disabled
 NUMA Support: Disabled
 Compressed Oops: Enabled (32-bit)
 Alignments: Space 512K, Generation 512K, Heap 2M
 Heap Min Capacity: 100M
 Heap Initial Capacity: 100M
 Heap Max Capacity: 1G
 Pre-touch: Disabled
 Parallel Workers: 4
Heap:
 PSYoungGen      total 29696K, used 26060K [0x00000000eab00000, 0x00000000ecd80000, 0x0000000100000000)
  eden space 24064K, 86% used [0x00000000eab00000,0x00000000ebf66d60,0x00000000ec280000)
  from space 5632K, 91% used [0x00000000ec800000,0x00000000ecd0c610,0x00000000ecd80000)
  to   space 5632K, 0% used [0x00000000ec280000,0x00000000ec280000,0x00000000ec800000)
 ParOldGen       total 133120K, used 104688K [0x00000000c0000000, 0x00000000c8200000, 0x00000000eab00000)
  object space 133120K, 78% used [0x00000000c0000000,0x00000000c663c058,0x00000000c8200000)
 Metaspace       used 78049K, committed 79360K, reserved 1179648K
  class space    used 8191K, committed 8768K, reserved 1048576K
GC Heap History (20 events):
Event: 83.138 GC heap before
{Heap before GC invocations=62 (full 6):
 PSYoungGen      total 29184K, used 29168K [0x00000000eab00000, 0x00000000ed080000, 0x0000000100000000)
  eden space 25600K, 100% used [0x00000000eab00000,0x00000000ec400000,0x00000000ec400000)
  from space 3584K, 99% used [0x00000000ec980000,0x00000000eccfc030,0x00000000ecd00000)
  to   space 5632K, 0% used [0x00000000ec400000,0x00000000ec400000,0x00000000ec980000)
 ParOldGen       total 133120K, used 88758K [0x00000000c0000000, 0x00000000c8200000, 0x00000000eab00000)
  object space 133120K, 66% used [0x00000000c0000000,0x00000000c56ada08,0x00000000c8200000)
 Metaspace       used 76859K, committed 78144K, reserved 1179648K
  class space    used 8114K, committed 8704K, reserved 1048576K
}
Event: 83.146 GC heap after
{Heap after GC invocations=62 (full 6):
 PSYoungGen      total 31232K, used 5600K [0x00000000eab00000, 0x00000000ed980000, 0x0000000100000000)
  eden space 25600K, 0% used [0x00000000eab00000,0x00000000eab00000,0x00000000ec400000)
  from space 5632K, 99% used [0x00000000ec400000,0x00000000ec9782f0,0x00000000ec980000)
  to   space 10752K, 0% used [0x00000000ecf00000,0x00000000ecf00000,0x00000000ed980000)
 ParOldGen       total 133120K, used 92732K [0x00000000c0000000, 0x00000000c8200000, 0x00000000eab00000)
  object space 133120K, 69% used [0x00000000c0000000,0x00000000c5a8f148,0x00000000c8200000)
 Metaspace       used 76859K, committed 78144K, reserved 1179648K
  class space    used 8114K, committed 8704K, reserved 1048576K
}
Event: 84.174 GC heap before
{Heap before GC invocations=63 (full 6):
 PSYoungGen      total 31232K, used 31173K [0x00000000eab00000, 0x00000000ed980000, 0x0000000100000000)
  eden space 25600K, 99% used [0x00000000eab00000,0x00000000ec3f91f0,0x00000000ec400000)
  from space 5632K, 99% used [0x00000000ec400000,0x00000000ec9782f0,0x00000000ec980000)
  to   space 10752K, 0% used [0x00000000ecf00000,0x00000000ecf00000,0x00000000ed980000)
 ParOldGen       total 133120K, used 92732K [0x00000000c0000000, 0x00000000c8200000, 0x00000000eab00000)
  object space 133120K, 69% used [0x00000000c0000000,0x00000000c5a8f148,0x00000000c8200000)
 Metaspace       used 76901K, committed 78208K, reserved 1179648K
  class space    used 8114K, committed 8704K, reserved 1048576K
}
Event: 84.185 GC heap after
{Heap after GC invocations=63 (full 6):
 PSYoungGen      total 32256K, used 5673K [0x00000000eab00000, 0x00000000ed500000, 0x0000000100000000)
  eden space 26112K, 0% used [0x00000000eab00000,0x00000000eab00000,0x00000000ec480000)
  from space 6144K, 92% used [0x00000000ecf00000,0x00000000ed48a770,0x00000000ed500000)
  to   space 7168K, 0% used [0x00000000ec700000,0x00000000ec700000,0x00000000ece00000)
 ParOldGen       total 133120K, used 95631K [0x00000000c0000000, 0x00000000c8200000, 0x00000000eab00000)
  object space 133120K, 71% used [0x00000000c0000000,0x00000000c5d63f48,0x00000000c8200000)
 Metaspace       used 76901K, committed 78208K, reserved 1179648K
  class space    used 8114K, committed 8704K, reserved 1048576K
}
Event: 89.462 GC heap before
{Heap before GC invocations=64 (full 6):
 PSYoungGen      total 32256K, used 30254K [0x00000000eab00000, 0x00000000ed500000, 0x0000000100000000)
  eden space 26112K, 94% used [0x00000000eab00000,0x00000000ec301330,0x00000000ec480000)
  from space 6144K, 92% used [0x00000000ecf00000,0x00000000ed48a770,0x00000000ed500000)
  to   space 7168K, 0% used [0x00000000ec700000,0x00000000ec700000,0x00000000ece00000)
 ParOldGen       total 133120K, used 95631K [0x00000000c0000000, 0x00000000c8200000, 0x00000000eab00000)
  object space 133120K, 71% used [0x00000000c0000000,0x00000000c5d63f48,0x00000000c8200000)
 Metaspace       used 77113K, committed 78400K, reserved 1179648K
  class space    used 8123K, committed 8704K, reserved 1048576K
}
Event: 89.468 GC heap after
{Heap after GC invocations=64 (full 6):
 PSYoungGen      total 32256K, used 6596K [0x00000000eab00000, 0x00000000ed200000, 0x0000000100000000)
  eden space 25600K, 0% used [0x00000000eab00000,0x00000000eab00000,0x00000000ec400000)
  from space 6656K, 99% used [0x00000000ec700000,0x00000000ecd71370,0x00000000ecd80000)
  to   space 4608K, 0% used [0x00000000ecd80000,0x00000000ecd80000,0x00000000ed200000)
 ParOldGen       total 133120K, used 95631K [0x00000000c0000000, 0x00000000c8200000, 0x00000000eab00000)
  object space 133120K, 71% used [0x00000000c0000000,0x00000000c5d63f48,0x00000000c8200000)
 Metaspace       used 77113K, committed 78400K, reserved 1179648K
  class space    used 8123K, committed 8704K, reserved 1048576K
}
Event: 91.098 GC heap before
{Heap before GC invocations=65 (full 6):
 PSYoungGen      total 32256K, used 32196K [0x00000000eab00000, 0x00000000ed200000, 0x0000000100000000)
  eden space 25600K, 100% used [0x00000000eab00000,0x00000000ec400000,0x00000000ec400000)
  from space 6656K, 99% used [0x00000000ec700000,0x00000000ecd71370,0x00000000ecd80000)
  to   space 4608K, 0% used [0x00000000ecd80000,0x00000000ecd80000,0x00000000ed200000)
 ParOldGen       total 133120K, used 95631K [0x00000000c0000000, 0x00000000c8200000, 0x00000000eab00000)
  object space 133120K, 71% used [0x00000000c0000000,0x00000000c5d63f48,0x00000000c8200000)
 Metaspace       used 77223K, committed 78464K, reserved 1179648K
  class space    used 8123K, committed 8704K, reserved 1048576K
}
Event: 91.105 GC heap after
{Heap after GC invocations=65 (full 6):
 PSYoungGen      total 29696K, used 4598K [0x00000000eab00000, 0x00000000ed280000, 0x0000000100000000)
  eden space 25088K, 0% used [0x00000000eab00000,0x00000000eab00000,0x00000000ec380000)
  from space 4608K, 99% used [0x00000000ecd80000,0x00000000ed1fd970,0x00000000ed200000)
  to   space 7680K, 0% used [0x00000000ec380000,0x00000000ec380000,0x00000000ecb00000)
 ParOldGen       total 133120K, used 98127K [0x00000000c0000000, 0x00000000c8200000, 0x00000000eab00000)
  object space 133120K, 73% used [0x00000000c0000000,0x00000000c5fd3f48,0x00000000c8200000)
 Metaspace       used 77223K, committed 78464K, reserved 1179648K
  class space    used 8123K, committed 8704K, reserved 1048576K
}
Event: 93.097 GC heap before
{Heap before GC invocations=66 (full 6):
 PSYoungGen      total 29696K, used 29548K [0x00000000eab00000, 0x00000000ed280000, 0x0000000100000000)
  eden space 25088K, 99% used [0x00000000eab00000,0x00000000ec35d9d8,0x00000000ec380000)
  from space 4608K, 99% used [0x00000000ecd80000,0x00000000ed1fd970,0x00000000ed200000)
  to   space 7680K, 0% used [0x00000000ec380000,0x00000000ec380000,0x00000000ecb00000)
 ParOldGen       total 133120K, used 98127K [0x00000000c0000000, 0x00000000c8200000, 0x00000000eab00000)
  object space 133120K, 73% used [0x00000000c0000000,0x00000000c5fd3f48,0x00000000c8200000)
 Metaspace       used 77593K, committed 78912K, reserved 1179648K
  class space    used 8146K, committed 8704K, reserved 1048576K
}
Event: 93.106 GC heap after
{Heap after GC invocations=66 (full 6):
 PSYoungGen      total 27136K, used 2228K [0x00000000eab00000, 0x00000000ece00000, 0x0000000100000000)
  eden space 24576K, 0% used [0x00000000eab00000,0x00000000eab00000,0x00000000ec300000)
  from space 2560K, 87% used [0x00000000ec380000,0x00000000ec5ad210,0x00000000ec600000)
  to   space 4096K, 0% used [0x00000000eca00000,0x00000000eca00000,0x00000000ece00000)
 ParOldGen       total 133120K, used 100449K [0x00000000c0000000, 0x00000000c8200000, 0x00000000eab00000)
  object space 133120K, 75% used [0x00000000c0000000,0x00000000c62186a8,0x00000000c8200000)
 Metaspace       used 77593K, committed 78912K, reserved 1179648K
  class space    used 8146K, committed 8704K, reserved 1048576K
}
Event: 93.224 GC heap before
{Heap before GC invocations=67 (full 6):
 PSYoungGen      total 27136K, used 26670K [0x00000000eab00000, 0x00000000ece00000, 0x0000000100000000)
  eden space 24576K, 99% used [0x00000000eab00000,0x00000000ec2de9b0,0x00000000ec300000)
  from space 2560K, 87% used [0x00000000ec380000,0x00000000ec5ad210,0x00000000ec600000)
  to   space 4096K, 0% used [0x00000000eca00000,0x00000000eca00000,0x00000000ece00000)
 ParOldGen       total 133120K, used 100449K [0x00000000c0000000, 0x00000000c8200000, 0x00000000eab00000)
  object space 133120K, 75% used [0x00000000c0000000,0x00000000c62186a8,0x00000000c8200000)
 Metaspace       used 77593K, committed 78912K, reserved 1179648K
  class space    used 8146K, committed 8704K, reserved 1048576K
}
Event: 93.228 GC heap after
{Heap after GC invocations=67 (full 6):
 PSYoungGen      total 28672K, used 4071K [0x00000000eab00000, 0x00000000ecf00000, 0x0000000100000000)
  eden space 24576K, 0% used [0x00000000eab00000,0x00000000eab00000,0x00000000ec300000)
  from space 4096K, 99% used [0x00000000eca00000,0x00000000ecdf9c90,0x00000000ece00000)
  to   space 6144K, 0% used [0x00000000ec300000,0x00000000ec300000,0x00000000ec900000)
 ParOldGen       total 133120K, used 101673K [0x00000000c0000000, 0x00000000c8200000, 0x00000000eab00000)
  object space 133120K, 76% used [0x00000000c0000000,0x00000000c634a5e8,0x00000000c8200000)
 Metaspace       used 77593K, committed 78912K, reserved 1179648K
  class space    used 8146K, committed 8704K, reserved 1048576K
}
Event: 93.298 GC heap before
{Heap before GC invocations=68 (full 6):
 PSYoungGen      total 28672K, used 28337K [0x00000000eab00000, 0x00000000ecf00000, 0x0000000100000000)
  eden space 24576K, 98% used [0x00000000eab00000,0x00000000ec2b2a78,0x00000000ec300000)
  from space 4096K, 99% used [0x00000000eca00000,0x00000000ecdf9c90,0x00000000ece00000)
  to   space 6144K, 0% used [0x00000000ec300000,0x00000000ec300000,0x00000000ec900000)
 ParOldGen       total 133120K, used 101673K [0x00000000c0000000, 0x00000000c8200000, 0x00000000eab00000)
  object space 133120K, 76% used [0x00000000c0000000,0x00000000c634a5e8,0x00000000c8200000)
 Metaspace       used 77594K, committed 78912K, reserved 1179648K
  class space    used 8146K, committed 8704K, reserved 1048576K
}
Event: 93.300 GC heap after
{Heap after GC invocations=68 (full 6):
 PSYoungGen      total 25088K, used 256K [0x00000000eab00000, 0x00000000eca80000, 0x0000000100000000)
  eden space 24576K, 0% used [0x00000000eab00000,0x00000000eab00000,0x00000000ec300000)
  from space 512K, 50% used [0x00000000ec300000,0x00000000ec340000,0x00000000ec380000)
  to   space 2560K, 0% used [0x00000000ec800000,0x00000000ec800000,0x00000000eca80000)
 ParOldGen       total 133120K, used 102502K [0x00000000c0000000, 0x00000000c8200000, 0x00000000eab00000)
  object space 133120K, 76% used [0x00000000c0000000,0x00000000c6419838,0x00000000c8200000)
 Metaspace       used 77594K, committed 78912K, reserved 1179648K
  class space    used 8146K, committed 8704K, reserved 1048576K
}
Event: 93.412 GC heap before
{Heap before GC invocations=69 (full 6):
 PSYoungGen      total 25088K, used 23490K [0x00000000eab00000, 0x00000000eca80000, 0x0000000100000000)
  eden space 24576K, 94% used [0x00000000eab00000,0x00000000ec1b0878,0x00000000ec300000)
  from space 512K, 50% used [0x00000000ec300000,0x00000000ec340000,0x00000000ec380000)
  to   space 2560K, 0% used [0x00000000ec800000,0x00000000ec800000,0x00000000eca80000)
 ParOldGen       total 133120K, used 102502K [0x00000000c0000000, 0x00000000c8200000, 0x00000000eab00000)
  object space 133120K, 76% used [0x00000000c0000000,0x00000000c6419838,0x00000000c8200000)
 Metaspace       used 77598K, committed 78912K, reserved 1179648K
  class space    used 8146K, committed 8704K, reserved 1048576K
}
Event: 93.417 GC heap after
{Heap after GC invocations=69 (full 6):
 PSYoungGen      total 26624K, used 2545K [0x00000000eab00000, 0x00000000ece00000, 0x0000000100000000)
  eden space 24064K, 0% used [0x00000000eab00000,0x00000000eab00000,0x00000000ec280000)
  from space 2560K, 99% used [0x00000000ec800000,0x00000000eca7c610,0x00000000eca80000)
  to   space 5632K, 0% used [0x00000000ec280000,0x00000000ec280000,0x00000000ec800000)
 ParOldGen       total 133120K, used 104518K [0x00000000c0000000, 0x00000000c8200000, 0x00000000eab00000)
  object space 133120K, 78% used [0x00000000c0000000,0x00000000c6611838,0x00000000c8200000)
 Metaspace       used 77598K, committed 78912K, reserved 1179648K
  class space    used 8146K, committed 8704K, reserved 1048576K
}
Event: 93.519 GC heap before
{Heap before GC invocations=70 (full 6):
 PSYoungGen      total 26624K, used 26609K [0x00000000eab00000, 0x00000000ece00000, 0x0000000100000000)
  eden space 24064K, 100% used [0x00000000eab00000,0x00000000ec280000,0x00000000ec280000)
  from space 2560K, 99% used [0x00000000ec800000,0x00000000eca7c610,0x00000000eca80000)
  to   space 5632K, 0% used [0x00000000ec280000,0x00000000ec280000,0x00000000ec800000)
 ParOldGen       total 133120K, used 104518K [0x00000000c0000000, 0x00000000c8200000, 0x00000000eab00000)
  object space 133120K, 78% used [0x00000000c0000000,0x00000000c6611838,0x00000000c8200000)
 Metaspace       used 77615K, committed 78912K, reserved 1179648K
  class space    used 8146K, committed 8704K, reserved 1048576K
}
Event: 93.523 GC heap after
{Heap after GC invocations=70 (full 6):
 PSYoungGen      total 29696K, used 4914K [0x00000000eab00000, 0x00000000ecd80000, 0x0000000100000000)
  eden space 24064K, 0% used [0x00000000eab00000,0x00000000eab00000,0x00000000ec280000)
  from space 5632K, 87% used [0x00000000ec280000,0x00000000ec74cb80,0x00000000ec800000)
  to   space 5632K, 0% used [0x00000000ec800000,0x00000000ec800000,0x00000000ecd80000)
 ParOldGen       total 133120K, used 104688K [0x00000000c0000000, 0x00000000c8200000, 0x00000000eab00000)
  object space 133120K, 78% used [0x00000000c0000000,0x00000000c663c058,0x00000000c8200000)
 Metaspace       used 77615K, committed 78912K, reserved 1179648K
  class space    used 8146K, committed 8704K, reserved 1048576K
}
Event: 93.648 GC heap before
{Heap before GC invocations=71 (full 6):
 PSYoungGen      total 29696K, used 28515K [0x00000000eab00000, 0x00000000ecd80000, 0x0000000100000000)
  eden space 24064K, 98% used [0x00000000eab00000,0x00000000ec20c280,0x00000000ec280000)
  from space 5632K, 87% used [0x00000000ec280000,0x00000000ec74cb80,0x00000000ec800000)
  to   space 5632K, 0% used [0x00000000ec800000,0x00000000ec800000,0x00000000ecd80000)
 ParOldGen       total 133120K, used 104688K [0x00000000c0000000, 0x00000000c8200000, 0x00000000eab00000)
  object space 133120K, 78% used [0x00000000c0000000,0x00000000c663c058,0x00000000c8200000)
 Metaspace       used 77621K, committed 78912K, reserved 1179648K
  class space    used 8146K, committed 8704K, reserved 1048576K
}
Event: 93.654 GC heap after
{Heap after GC invocations=71 (full 6):
 PSYoungGen      total 29696K, used 5169K [0x00000000eab00000, 0x00000000ecd80000, 0x0000000100000000)
  eden space 24064K, 0% used [0x00000000eab00000,0x00000000eab00000,0x00000000ec280000)
  from space 5632K, 91% used [0x00000000ec800000,0x00000000ecd0c610,0x00000000ecd80000)
  to   space 5632K, 0% used [0x00000000ec280000,0x00000000ec280000,0x00000000ec800000)
 ParOldGen       total 133120K, used 104688K [0x00000000c0000000, 0x00000000c8200000, 0x00000000eab00000)
  object space 133120K, 78% used [0x00000000c0000000,0x00000000c663c058,0x00000000c8200000)
 Metaspace       used 77621K, committed 78912K, reserved 1179648K
  class space    used 8146K, committed 8704K, reserved 1048576K
}

