# JRE version: OpenJDK Runtime Environment Temurin-17.0.9+9 (17.0.9+9) (build 17.0.9+9)
# Java VM: OpenJDK 64-Bit Server VM Temurin-17.0.9+9 (17.0.9+9, mixed mode, tiered, compressed oops, compressed class ptrs, parallel gc, windows-amd64)
GC Precious Log:
 CPUs: 4 total, 4 available
 Memory: 12163M
 Large Page Support: Disabled
 NUMA Support: Disabled
 Compressed Oops: Enabled (32-bit)
 Alignments: Space 512K, Generation 512K, Heap 2M
 Heap Min Capacity: 100M
 Heap Initial Capacity: 100M
 Heap Max Capacity: 1G
 Pre-touch: Disabled
 Parallel Workers: 4
Heap:
 PSYoungGen      total 21504K, used 20203K [0x00000000eab00000, 0x00000000ec580000, 0x0000000100000000)
  eden space 20992K, 93% used [0x00000000eab00000,0x00000000ebe3afd8,0x00000000ebf80000)
  from space 512K, 100% used [0x00000000ec280000,0x00000000ec300000,0x00000000ec300000)
  to   space 3072K, 0% used [0x00000000ebf80000,0x00000000ebf80000,0x00000000ec280000)
 ParOldGen       total 68608K, used 20164K [0x00000000c0000000, 0x00000000c4300000, 0x00000000eab00000)
  object space 68608K, 29% used [0x00000000c0000000,0x00000000c13b1160,0x00000000c4300000)
 Metaspace       used 44815K, committed 45504K, reserved 1114112K
  class space    used 4535K, committed 4864K, reserved 1048576K
GC Heap History (20 events):
Event: 22.908 GC heap before
{Heap before GC invocations=9 (full 1):
 PSYoungGen      total 25600K, used 23433K [0x00000000eab00000, 0x00000000ec980000, 0x0000000100000000)
  eden space 24064K, 91% used [0x00000000eab00000,0x00000000ec064d10,0x00000000ec280000)
  from space 1536K, 99% used [0x00000000ec480000,0x00000000ec5fd8c8,0x00000000ec600000)
  to   space 3584K, 0% used [0x00000000ec600000,0x00000000ec600000,0x00000000ec980000)
 ParOldGen       total 68608K, used 8314K [0x00000000c0000000, 0x00000000c4300000, 0x00000000eab00000)
  object space 68608K, 12% used [0x00000000c0000000,0x00000000c081ebe0,0x00000000c4300000)
 Metaspace       used 35150K, committed 35840K, reserved 1114112K
  class space    used 3544K, committed 3840K, reserved 1048576K
}
Event: 22.912 GC heap after
{Heap after GC invocations=9 (full 1):
 PSYoungGen      total 27648K, used 2986K [0x00000000eab00000, 0x00000000ec980000, 0x0000000100000000)
  eden space 24064K, 0% used [0x00000000eab00000,0x00000000eab00000,0x00000000ec280000)
  from space 3584K, 83% used [0x00000000ec600000,0x00000000ec8ea980,0x00000000ec980000)
  to   space 3584K, 0% used [0x00000000ec280000,0x00000000ec280000,0x00000000ec600000)
 ParOldGen       total 68608K, used 8322K [0x00000000c0000000, 0x00000000c4300000, 0x00000000eab00000)
  object space 68608K, 12% used [0x00000000c0000000,0x00000000c0820be0,0x00000000c4300000)
 Metaspace       used 35150K, committed 35840K, reserved 1114112K
  class space    used 3544K, committed 3840K, reserved 1048576K
}
Event: 22.912 GC heap before
{Heap before GC invocations=10 (full 2):
 PSYoungGen      total 27648K, used 2986K [0x00000000eab00000, 0x00000000ec980000, 0x0000000100000000)
  eden space 24064K, 0% used [0x00000000eab00000,0x00000000eab00000,0x00000000ec280000)
  from space 3584K, 83% used [0x00000000ec600000,0x00000000ec8ea980,0x00000000ec980000)
  to   space 3584K, 0% used [0x00000000ec280000,0x00000000ec280000,0x00000000ec600000)
 ParOldGen       total 68608K, used 8322K [0x00000000c0000000, 0x00000000c4300000, 0x00000000eab00000)
  object space 68608K, 12% used [0x00000000c0000000,0x00000000c0820be0,0x00000000c4300000)
 Metaspace       used 35150K, committed 35840K, reserved 1114112K
  class space    used 3544K, committed 3840K, reserved 1048576K
}
Event: 22.957 GC heap after
{Heap after GC invocations=10 (full 2):
 PSYoungGen      total 27648K, used 0K [0x00000000eab00000, 0x00000000ec980000, 0x0000000100000000)
  eden space 24064K, 0% used [0x00000000eab00000,0x00000000eab00000,0x00000000ec280000)
  from space 3584K, 0% used [0x00000000ec600000,0x00000000ec600000,0x00000000ec980000)
  to   space 3584K, 0% used [0x00000000ec280000,0x00000000ec280000,0x00000000ec600000)
 ParOldGen       total 68608K, used 11088K [0x00000000c0000000, 0x00000000c4300000, 0x00000000eab00000)
  object space 68608K, 16% used [0x00000000c0000000,0x00000000c0ad41a0,0x00000000c4300000)
 Metaspace       used 35150K, committed 35840K, reserved 1114112K
  class space    used 3544K, committed 3840K, reserved 1048576K
}
Event: 24.789 GC heap before
{Heap before GC invocations=11 (full 2):
 PSYoungGen      total 27648K, used 23559K [0x00000000eab00000, 0x00000000ec980000, 0x0000000100000000)
  eden space 24064K, 97% used [0x00000000eab00000,0x00000000ec201ec8,0x00000000ec280000)
  from space 3584K, 0% used [0x00000000ec600000,0x00000000ec600000,0x00000000ec980000)
  to   space 3584K, 0% used [0x00000000ec280000,0x00000000ec280000,0x00000000ec600000)
 ParOldGen       total 68608K, used 11088K [0x00000000c0000000, 0x00000000c4300000, 0x00000000eab00000)
  object space 68608K, 16% used [0x00000000c0000000,0x00000000c0ad41a0,0x00000000c4300000)
 Metaspace       used 36036K, committed 36672K, reserved 1114112K
  class space    used 3645K, committed 3904K, reserved 1048576K
}
Event: 24.793 GC heap after
{Heap after GC invocations=11 (full 2):
 PSYoungGen      total 26112K, used 2336K [0x00000000eab00000, 0x00000000ec800000, 0x0000000100000000)
  eden space 23552K, 0% used [0x00000000eab00000,0x00000000eab00000,0x00000000ec200000)
  from space 2560K, 91% used [0x00000000ec280000,0x00000000ec4c8000,0x00000000ec500000)
  to   space 3072K, 0% used [0x00000000ec500000,0x00000000ec500000,0x00000000ec800000)
 ParOldGen       total 68608K, used 11096K [0x00000000c0000000, 0x00000000c4300000, 0x00000000eab00000)
  object space 68608K, 16% used [0x00000000c0000000,0x00000000c0ad61a0,0x00000000c4300000)
 Metaspace       used 36036K, committed 36672K, reserved 1114112K
  class space    used 3645K, committed 3904K, reserved 1048576K
}
Event: 25.534 GC heap before
{Heap before GC invocations=12 (full 2):
 PSYoungGen      total 26112K, used 25872K [0x00000000eab00000, 0x00000000ec800000, 0x0000000100000000)
  eden space 23552K, 99% used [0x00000000eab00000,0x00000000ec1fc388,0x00000000ec200000)
  from space 2560K, 91% used [0x00000000ec280000,0x00000000ec4c8000,0x00000000ec500000)
  to   space 3072K, 0% used [0x00000000ec500000,0x00000000ec500000,0x00000000ec800000)
 ParOldGen       total 68608K, used 11096K [0x00000000c0000000, 0x00000000c4300000, 0x00000000eab00000)
  object space 68608K, 16% used [0x00000000c0000000,0x00000000c0ad61a0,0x00000000c4300000)
 Metaspace       used 38069K, committed 38720K, reserved 1114112K
  class space    used 3880K, committed 4160K, reserved 1048576K
}
Event: 25.540 GC heap after
{Heap after GC invocations=12 (full 2):
 PSYoungGen      total 24064K, used 3050K [0x00000000eab00000, 0x00000000ecc80000, 0x0000000100000000)
  eden space 20992K, 0% used [0x00000000eab00000,0x00000000eab00000,0x00000000ebf80000)
  from space 3072K, 99% used [0x00000000ec500000,0x00000000ec7fa808,0x00000000ec800000)
  to   space 5632K, 0% used [0x00000000ebf80000,0x00000000ebf80000,0x00000000ec500000)
 ParOldGen       total 68608K, used 13034K [0x00000000c0000000, 0x00000000c4300000, 0x00000000eab00000)
  object space 68608K, 18% used [0x00000000c0000000,0x00000000c0cba840,0x00000000c4300000)
 Metaspace       used 38069K, committed 38720K, reserved 1114112K
  class space    used 3880K, committed 4160K, reserved 1048576K
}
Event: 26.310 GC heap before
{Heap before GC invocations=13 (full 2):
 PSYoungGen      total 24064K, used 24034K [0x00000000eab00000, 0x00000000ecc80000, 0x0000000100000000)
  eden space 20992K, 99% used [0x00000000eab00000,0x00000000ebf7e270,0x00000000ebf80000)
  from space 3072K, 99% used [0x00000000ec500000,0x00000000ec7fa808,0x00000000ec800000)
  to   space 5632K, 0% used [0x00000000ebf80000,0x00000000ebf80000,0x00000000ec500000)
 ParOldGen       total 68608K, used 13034K [0x00000000c0000000, 0x00000000c4300000, 0x00000000eab00000)
  object space 68608K, 18% used [0x00000000c0000000,0x00000000c0cba840,0x00000000c4300000)
 Metaspace       used 39624K, committed 40320K, reserved 1114112K
  class space    used 4047K, committed 4352K, reserved 1048576K
}
Event: 26.316 GC heap after
{Heap after GC invocations=13 (full 2):
 PSYoungGen      total 21504K, used 480K [0x00000000eab00000, 0x00000000ec580000, 0x0000000100000000)
  eden space 20992K, 0% used [0x00000000eab00000,0x00000000eab00000,0x00000000ebf80000)
  from space 512K, 93% used [0x00000000ebf80000,0x00000000ebff8000,0x00000000ec000000)
  to   space 2560K, 0% used [0x00000000ec300000,0x00000000ec300000,0x00000000ec580000)
 ParOldGen       total 68608K, used 15991K [0x00000000c0000000, 0x00000000c4300000, 0x00000000eab00000)
  object space 68608K, 23% used [0x00000000c0000000,0x00000000c0f9ddd0,0x00000000c4300000)
 Metaspace       used 39624K, committed 40320K, reserved 1114112K
  class space    used 4047K, committed 4352K, reserved 1048576K
}
Event: 27.007 GC heap before
{Heap before GC invocations=14 (full 2):
 PSYoungGen      total 21504K, used 21472K [0x00000000eab00000, 0x00000000ec580000, 0x0000000100000000)
  eden space 20992K, 100% used [0x00000000eab00000,0x00000000ebf80000,0x00000000ebf80000)
  from space 512K, 93% used [0x00000000ebf80000,0x00000000ebff8000,0x00000000ec000000)
  to   space 2560K, 0% used [0x00000000ec300000,0x00000000ec300000,0x00000000ec580000)
 ParOldGen       total 68608K, used 15991K [0x00000000c0000000, 0x00000000c4300000, 0x00000000eab00000)
  object space 68608K, 23% used [0x00000000c0000000,0x00000000c0f9ddd0,0x00000000c4300000)
 Metaspace       used 41748K, committed 42496K, reserved 1114112K
  class space    used 4252K, committed 4608K, reserved 1048576K
}
Event: 27.008 GC heap after
{Heap after GC invocations=14 (full 2):
 PSYoungGen      total 22528K, used 1056K [0x00000000eab00000, 0x00000000ec480000, 0x0000000100000000)
  eden space 20992K, 0% used [0x00000000eab00000,0x00000000eab00000,0x00000000ebf80000)
  from space 1536K, 68% used [0x00000000ec300000,0x00000000ec408010,0x00000000ec480000)
  to   space 1536K, 0% used [0x00000000ec180000,0x00000000ec180000,0x00000000ec300000)
 ParOldGen       total 68608K, used 16414K [0x00000000c0000000, 0x00000000c4300000, 0x00000000eab00000)
  object space 68608K, 23% used [0x00000000c0000000,0x00000000c1007b78,0x00000000c4300000)
 Metaspace       used 41748K, committed 42496K, reserved 1114112K
  class space    used 4252K, committed 4608K, reserved 1048576K
}
Event: 27.690 GC heap before
{Heap before GC invocations=15 (full 2):
 PSYoungGen      total 22528K, used 22048K [0x00000000eab00000, 0x00000000ec480000, 0x0000000100000000)
  eden space 20992K, 100% used [0x00000000eab00000,0x00000000ebf80000,0x00000000ebf80000)
  from space 1536K, 68% used [0x00000000ec300000,0x00000000ec408010,0x00000000ec480000)
  to   space 1536K, 0% used [0x00000000ec180000,0x00000000ec180000,0x00000000ec300000)
 ParOldGen       total 68608K, used 16414K [0x00000000c0000000, 0x00000000c4300000, 0x00000000eab00000)
  object space 68608K, 23% used [0x00000000c0000000,0x00000000c1007b78,0x00000000c4300000)
 Metaspace       used 43265K, committed 44032K, reserved 1114112K
  class space    used 4432K, committed 4800K, reserved 1048576K
}
Event: 27.694 GC heap after
{Heap after GC invocations=15 (full 2):
 PSYoungGen      total 22016K, used 544K [0x00000000eab00000, 0x00000000ec380000, 0x0000000100000000)
  eden space 20992K, 0% used [0x00000000eab00000,0x00000000eab00000,0x00000000ebf80000)
  from space 1024K, 53% used [0x00000000ec180000,0x00000000ec208000,0x00000000ec280000)
  to   space 1024K, 0% used [0x00000000ec280000,0x00000000ec280000,0x00000000ec380000)
 ParOldGen       total 68608K, used 17382K [0x00000000c0000000, 0x00000000c4300000, 0x00000000eab00000)
  object space 68608K, 25% used [0x00000000c0000000,0x00000000c10f9be8,0x00000000c4300000)
 Metaspace       used 43265K, committed 44032K, reserved 1114112K
  class space    used 4432K, committed 4800K, reserved 1048576K
}
Event: 27.874 GC heap before
{Heap before GC invocations=16 (full 2):
 PSYoungGen      total 22016K, used 20446K [0x00000000eab00000, 0x00000000ec380000, 0x0000000100000000)
  eden space 20992K, 94% used [0x00000000eab00000,0x00000000ebe6fa80,0x00000000ebf80000)
  from space 1024K, 53% used [0x00000000ec180000,0x00000000ec208000,0x00000000ec280000)
  to   space 1024K, 0% used [0x00000000ec280000,0x00000000ec280000,0x00000000ec380000)
 ParOldGen       total 68608K, used 17382K [0x00000000c0000000, 0x00000000c4300000, 0x00000000eab00000)
  object space 68608K, 25% used [0x00000000c0000000,0x00000000c10f9be8,0x00000000c4300000)
 Metaspace       used 43628K, committed 44352K, reserved 1114112K
  class space    used 4452K, committed 4800K, reserved 1048576K
}
Event: 27.876 GC heap after
{Heap after GC invocations=16 (full 2):
 PSYoungGen      total 22016K, used 544K [0x00000000eab00000, 0x00000000ec380000, 0x0000000100000000)
  eden space 20992K, 0% used [0x00000000eab00000,0x00000000eab00000,0x00000000ebf80000)
  from space 1024K, 53% used [0x00000000ec280000,0x00000000ec308000,0x00000000ec380000)
  to   space 1024K, 0% used [0x00000000ec180000,0x00000000ec180000,0x00000000ec280000)
 ParOldGen       total 68608K, used 17846K [0x00000000c0000000, 0x00000000c4300000, 0x00000000eab00000)
  object space 68608K, 26% used [0x00000000c0000000,0x00000000c116da30,0x00000000c4300000)
 Metaspace       used 43628K, committed 44352K, reserved 1114112K
  class space    used 4452K, committed 4800K, reserved 1048576K
}
Event: 28.096 GC heap before
{Heap before GC invocations=17 (full 2):
 PSYoungGen      total 22016K, used 20568K [0x00000000eab00000, 0x00000000ec380000, 0x0000000100000000)
  eden space 20992K, 95% used [0x00000000eab00000,0x00000000ebe8e238,0x00000000ebf80000)
  from space 1024K, 53% used [0x00000000ec280000,0x00000000ec308000,0x00000000ec380000)
  to   space 1024K, 0% used [0x00000000ec180000,0x00000000ec180000,0x00000000ec280000)
 ParOldGen       total 68608K, used 17846K [0x00000000c0000000, 0x00000000c4300000, 0x00000000eab00000)
  object space 68608K, 26% used [0x00000000c0000000,0x00000000c116da30,0x00000000c4300000)
 Metaspace       used 43739K, committed 44480K, reserved 1114112K
  class space    used 4461K, committed 4800K, reserved 1048576K
}
Event: 28.098 GC heap after
{Heap after GC invocations=17 (full 2):
 PSYoungGen      total 22016K, used 280K [0x00000000eab00000, 0x00000000ec300000, 0x0000000100000000)
  eden space 20992K, 0% used [0x00000000eab00000,0x00000000eab00000,0x00000000ebf80000)
  from space 1024K, 27% used [0x00000000ec180000,0x00000000ec1c6200,0x00000000ec280000)
  to   space 512K, 0% used [0x00000000ec280000,0x00000000ec280000,0x00000000ec300000)
 ParOldGen       total 68608K, used 18302K [0x00000000c0000000, 0x00000000c4300000, 0x00000000eab00000)
  object space 68608K, 26% used [0x00000000c0000000,0x00000000c11df878,0x00000000c4300000)
 Metaspace       used 43739K, committed 44480K, reserved 1114112K
  class space    used 4461K, committed 4800K, reserved 1048576K
}
Event: 29.737 GC heap before
{Heap before GC invocations=18 (full 2):
 PSYoungGen      total 22016K, used 20644K [0x00000000eab00000, 0x00000000ec300000, 0x0000000100000000)
  eden space 20992K, 97% used [0x00000000eab00000,0x00000000ebee30f0,0x00000000ebf80000)
  from space 1024K, 27% used [0x00000000ec180000,0x00000000ec1c6200,0x00000000ec280000)
  to   space 512K, 0% used [0x00000000ec280000,0x00000000ec280000,0x00000000ec300000)
 ParOldGen       total 68608K, used 18302K [0x00000000c0000000, 0x00000000c4300000, 0x00000000eab00000)
  object space 68608K, 26% used [0x00000000c0000000,0x00000000c11df878,0x00000000c4300000)
 Metaspace       used 44482K, committed 45248K, reserved 1114112K
  class space    used 4512K, committed 4864K, reserved 1048576K
}
Event: 29.742 GC heap after
{Heap after GC invocations=18 (full 2):
 PSYoungGen      total 21504K, used 512K [0x00000000eab00000, 0x00000000ec580000, 0x0000000100000000)
  eden space 20992K, 0% used [0x00000000eab00000,0x00000000eab00000,0x00000000ebf80000)
  from space 512K, 100% used [0x00000000ec280000,0x00000000ec300000,0x00000000ec300000)
  to   space 3072K, 0% used [0x00000000ebf80000,0x00000000ebf80000,0x00000000ec280000)
 ParOldGen       total 68608K, used 20164K [0x00000000c0000000, 0x00000000c4300000, 0x00000000eab00000)
  object space 68608K, 29% used [0x00000000c0000000,0x00000000c13b1160,0x00000000c4300000)
 Metaspace       used 44482K, committed 45248K, reserved 1114112K
  class space    used 4512K, committed 4864K, reserved 1048576K
}

